# JRE version: OpenJDK Runtime Environment (8.0_242-b01) (build 1.8.0_242-release-1644-b01)
# Java VM: OpenJDK 64-Bit Server VM (25.242-b01 mixed mode windows-amd64 compressed oops)
Heap:
 PSYoungGen      total 141824K, used 66912K [0x00000000e0000000, 0x00000000ea080000, 0x0000000100000000)
  eden space 124416K, 41% used [0x00000000e0000000,0x00000000e325b7b8,0x00000000e7980000)
  from space 17408K, 88% used [0x00000000e8f80000,0x00000000e9e7cc20,0x00000000ea080000)
  to   space 19968K, 0% used [0x00000000e7980000,0x00000000e7980000,0x00000000e8d00000)
 ParOldGen       total 81920K, used 35888K [0x00000000a0000000, 0x00000000a5000000, 0x00000000e0000000)
  object space 81920K, 43% used [0x00000000a0000000,0x00000000a230c3f8,0x00000000a5000000)
 Metaspace       used 70191K, capacity 72700K, committed 72960K, reserved 1112064K
  class space    used 9331K, capacity 9933K, committed 9984K, reserved 1048576K
GC Heap History (10 events):
Event: 18.061 GC heap before
{Heap before GC invocations=13 (full 2):
 PSYoungGen      total 94720K, used 94709K [0x00000000e0000000, 0x00000000e7480000, 0x0000000100000000)
  eden space 78848K, 100% used [0x00000000e0000000,0x00000000e4d00000,0x00000000e4d00000)
  from space 15872K, 99% used [0x00000000e5f00000,0x00000000e6e7d468,0x00000000e6e80000)
  to   space 18432K, 0% used [0x00000000e4d00000,0x00000000e4d00000,0x00000000e5f00000)
 ParOldGen       total 81920K, used 21502K [0x00000000a0000000, 0x00000000a5000000, 0x00000000e0000000)
  object space 81920K, 26% used [0x00000000a0000000,0x00000000a14ff968,0x00000000a5000000)
 Metaspace       used 56910K, capacity 58794K, committed 59008K, reserved 1099776K
  class space    used 7844K, capacity 8314K, committed 8320K, reserved 1048576K
Event: 18.075 GC heap after
Heap after GC invocations=13 (full 2):
 PSYoungGen      total 97280K, used 10565K [0x00000000e0000000, 0x00000000e8d80000, 0x0000000100000000)
  eden space 78848K, 0% used [0x00000000e0000000,0x00000000e0000000,0x00000000e4d00000)
  from space 18432K, 57% used [0x00000000e4d00000,0x00000000e57514f8,0x00000000e5f00000)
  to   space 17920K, 0% used [0x00000000e7c00000,0x00000000e7c00000,0x00000000e8d80000)
 ParOldGen       total 81920K, used 31677K [0x00000000a0000000, 0x00000000a5000000, 0x00000000e0000000)
  object space 81920K, 38% used [0x00000000a0000000,0x00000000a1eef790,0x00000000a5000000)
 Metaspace       used 56910K, capacity 58794K, committed 59008K, reserved 1099776K
  class space    used 7844K, capacity 8314K, committed 8320K, reserved 1048576K
}
Event: 18.761 GC heap before
{Heap before GC invocations=14 (full 2):
 PSYoungGen      total 97280K, used 13864K [0x00000000e0000000, 0x00000000e8d80000, 0x0000000100000000)
  eden space 78848K, 4% used [0x00000000e0000000,0x00000000e0338b38,0x00000000e4d00000)
  from space 18432K, 57% used [0x00000000e4d00000,0x00000000e57514f8,0x00000000e5f00000)
  to   space 17920K, 0% used [0x00000000e7c00000,0x00000000e7c00000,0x00000000e8d80000)
 ParOldGen       total 81920K, used 31677K [0x00000000a0000000, 0x00000000a5000000, 0x00000000e0000000)
  object space 81920K, 38% used [0x00000000a0000000,0x00000000a1eef790,0x00000000a5000000)
 Metaspace       used 56968K, capacity 58858K, committed 59008K, reserved 1099776K
  class space    used 7851K, capacity 8314K, committed 8320K, reserved 1048576K
Event: 18.767 GC heap after
Heap after GC invocations=14 (full 2):
 PSYoungGen      total 125952K, used 352K [0x00000000e0000000, 0x00000000e9000000, 0x0000000100000000)
  eden space 108032K, 0% used [0x00000000e0000000,0x00000000e0000000,0x00000000e6980000)
  from space 17920K, 1% used [0x00000000e7c00000,0x00000000e7c58000,0x00000000e8d80000)
  to   space 18944K, 0% used [0x00000000e6980000,0x00000000e6980000,0x00000000e7c00000)
 ParOldGen       total 81920K, used 40014K [0x00000000a0000000, 0x00000000a5000000, 0x00000000e0000000)
  object space 81920K, 48% used [0x00000000a0000000,0x00000000a27138c8,0x00000000a5000000)
 Metaspace       used 56968K, capacity 58858K, committed 59008K, reserved 1099776K
  class space    used 7851K, capacity 8314K, committed 8320K, reserved 1048576K
}
Event: 18.767 GC heap before
{Heap before GC invocations=15 (full 3):
 PSYoungGen      total 125952K, used 352K [0x00000000e0000000, 0x00000000e9000000, 0x0000000100000000)
  eden space 108032K, 0% used [0x00000000e0000000,0x00000000e0000000,0x00000000e6980000)
  from space 17920K, 1% used [0x00000000e7c00000,0x00000000e7c58000,0x00000000e8d80000)
  to   space 18944K, 0% used [0x00000000e6980000,0x00000000e6980000,0x00000000e7c00000)
 ParOldGen       total 81920K, used 40014K [0x00000000a0000000, 0x00000000a5000000, 0x00000000e0000000)
  object space 81920K, 48% used [0x00000000a0000000,0x00000000a27138c8,0x00000000a5000000)
 Metaspace       used 56968K, capacity 58858K, committed 59008K, reserved 1099776K
  class space    used 7851K, capacity 8314K, committed 8320K, reserved 1048576K
Event: 18.967 GC heap after
Heap after GC invocations=15 (full 3):
 PSYoungGen      total 125952K, used 0K [0x00000000e0000000, 0x00000000e9000000, 0x0000000100000000)
  eden space 108032K, 0% used [0x00000000e0000000,0x00000000e0000000,0x00000000e6980000)
  from space 17920K, 0% used [0x00000000e7c00000,0x00000000e7c00000,0x00000000e8d80000)
  to   space 18944K, 0% used [0x00000000e6980000,0x00000000e6980000,0x00000000e7c00000)
 ParOldGen       total 81920K, used 35872K [0x00000000a0000000, 0x00000000a5000000, 0x00000000e0000000)
  object space 81920K, 43% used [0x00000000a0000000,0x00000000a23083f8,0x00000000a5000000)
 Metaspace       used 56968K, capacity 58858K, committed 59008K, reserved 1099776K
  class space    used 7851K, capacity 8314K, committed 8320K, reserved 1048576K
}
Event: 51.967 GC heap before
{Heap before GC invocations=16 (full 3):
 PSYoungGen      total 125952K, used 108032K [0x00000000e0000000, 0x00000000e9000000, 0x0000000100000000)
  eden space 108032K, 100% used [0x00000000e0000000,0x00000000e6980000,0x00000000e6980000)
  from space 17920K, 0% used [0x00000000e7c00000,0x00000000e7c00000,0x00000000e8d80000)
  to   space 18944K, 0% used [0x00000000e6980000,0x00000000e6980000,0x00000000e7c00000)
 ParOldGen       total 81920K, used 35872K [0x00000000a0000000, 0x00000000a5000000, 0x00000000e0000000)
  object space 81920K, 43% used [0x00000000a0000000,0x00000000a23083f8,0x00000000a5000000)
 Metaspace       used 64570K, capacity 66768K, committed 67072K, reserved 1107968K
  class space    used 8821K, capacity 9369K, committed 9472K, reserved 1048576K
Event: 51.976 GC heap after
Heap after GC invocations=16 (full 3):
 PSYoungGen      total 126976K, used 12050K [0x00000000e0000000, 0x00000000ea200000, 0x0000000100000000)
  eden space 108032K, 0% used [0x00000000e0000000,0x00000000e0000000,0x00000000e6980000)
  from space 18944K, 63% used [0x00000000e6980000,0x00000000e7544920,0x00000000e7c00000)
  to   space 18944K, 0% used [0x00000000e8f80000,0x00000000e8f80000,0x00000000ea200000)
 ParOldGen       total 81920K, used 35880K [0x00000000a0000000, 0x00000000a5000000, 0x00000000e0000000)
  object space 81920K, 43% used [0x00000000a0000000,0x00000000a230a3f8,0x00000000a5000000)
 Metaspace       used 64570K, capacity 66768K, committed 67072K, reserved 1107968K
  class space    used 8821K, capacity 9369K, committed 9472K, reserved 1048576K
}
Event: 87.540 GC heap before
{Heap before GC invocations=17 (full 3):
 PSYoungGen      total 126976K, used 120082K [0x00000000e0000000, 0x00000000ea200000, 0x0000000100000000)
  eden space 108032K, 100% used [0x00000000e0000000,0x00000000e6980000,0x00000000e6980000)
  from space 18944K, 63% used [0x00000000e6980000,0x00000000e7544920,0x00000000e7c00000)
  to   space 18944K, 0% used [0x00000000e8f80000,0x00000000e8f80000,0x00000000ea200000)
 ParOldGen       total 81920K, used 35880K [0x00000000a0000000, 0x00000000a5000000, 0x00000000e0000000)
  object space 81920K, 43% used [0x00000000a0000000,0x00000000a230a3f8,0x00000000a5000000)
 Metaspace       used 69225K, capacity 71746K, committed 71808K, reserved 1112064K
  class space    used 9213K, capacity 9810K, committed 9856K, reserved 1048576K
Event: 87.551 GC heap after
Heap after GC invocations=17 (full 3):
 PSYoungGen      total 141824K, used 15347K [0x00000000e0000000, 0x00000000ea080000, 0x0000000100000000)
  eden space 124416K, 0% used [0x00000000e0000000,0x00000000e0000000,0x00000000e7980000)
  from space 17408K, 88% used [0x00000000e8f80000,0x00000000e9e7cc20,0x00000000ea080000)
  to   space 19968K, 0% used [0x00000000e7980000,0x00000000e7980000,0x00000000e8d00000)
 ParOldGen       total 81920K, used 35888K [0x00000000a0000000, 0x00000000a5000000, 0x00000000e0000000)
  object space 81920K, 43% used [0x00000000a0000000,0x00000000a230c3f8,0x00000000a5000000)
 Metaspace       used 69225K, capacity 71746K, committed 71808K, reserved 1112064K
  class space    used 9213K, capacity 9810K, committed 9856K, reserved 1048576K
}

