# JRE version: OpenJDK Runtime Environment (8.0_242-b01) (build 1.8.0_242-release-1644-b01)
# Java VM: OpenJDK 64-Bit Server VM (25.242-b01 mixed mode windows-amd64 compressed oops)
Heap:
 PSYoungGen      total 137216K, used 28795K [0x00000000e0000000, 0x00000000ea500000, 0x0000000100000000)
  eden space 126464K, 14% used [0x00000000e0000000,0x00000000e11a11c8,0x00000000e7b80000)
  from space 10752K, 99% used [0x00000000e7b80000,0x00000000e85fdcb0,0x00000000e8600000)
  to   space 13824K, 0% used [0x00000000e9780000,0x00000000e9780000,0x00000000ea500000)
 ParOldGen       total 131072K, used 17522K [0x00000000a0000000, 0x00000000a8000000, 0x00000000e0000000)
  object space 131072K, 13% used [0x00000000a0000000,0x00000000a111c970,0x00000000a8000000)
 Metaspace       used 42197K, capacity 43010K, committed 43096K, reserved 1087488K
  class space    used 5721K, capacity 6006K, committed 6016K, reserved 1048576K
GC Heap History (10 events):
Event: 2.411 GC heap before
{Heap before GC invocations=5 (full 1):
 PSYoungGen      total 75776K, used 65024K [0x00000000e0000000, 0x00000000e9400000, 0x0000000100000000)
  eden space 65024K, 100% used [0x00000000e0000000,0x00000000e3f80000,0x00000000e3f80000)
  from space 10752K, 0% used [0x00000000e3f80000,0x00000000e3f80000,0x00000000e4a00000)
  to   space 10752K, 0% used [0x00000000e8980000,0x00000000e8980000,0x00000000e9400000)
 ParOldGen       total 107520K, used 8883K [0x00000000a0000000, 0x00000000a6900000, 0x00000000e0000000)
  object space 107520K, 8% used [0x00000000a0000000,0x00000000a08acdd8,0x00000000a6900000)
 Metaspace       used 26506K, capacity 26926K, committed 27136K, reserved 1073152K
  class space    used 3620K, capacity 3791K, committed 3840K, reserved 1048576K
Event: 2.417 GC heap after
Heap after GC invocations=5 (full 1):
 PSYoungGen      total 103424K, used 6924K [0x00000000e0000000, 0x00000000e9080000, 0x0000000100000000)
  eden space 96256K, 0% used [0x00000000e0000000,0x00000000e0000000,0x00000000e5e00000)
  from space 7168K, 96% used [0x00000000e8980000,0x00000000e90432d0,0x00000000e9080000)
  to   space 10752K, 0% used [0x00000000e7b80000,0x00000000e7b80000,0x00000000e8600000)
 ParOldGen       total 107520K, used 8891K [0x00000000a0000000, 0x00000000a6900000, 0x00000000e0000000)
  object space 107520K, 8% used [0x00000000a0000000,0x00000000a08aedd8,0x00000000a6900000)
 Metaspace       used 26506K, capacity 26926K, committed 27136K, reserved 1073152K
  class space    used 3620K, capacity 3791K, committed 3840K, reserved 1048576K
}
Event: 3.340 GC heap before
{Heap before GC invocations=6 (full 1):
 PSYoungGen      total 103424K, used 103180K [0x00000000e0000000, 0x00000000e9080000, 0x0000000100000000)
  eden space 96256K, 100% used [0x00000000e0000000,0x00000000e5e00000,0x00000000e5e00000)
  from space 7168K, 96% used [0x00000000e8980000,0x00000000e90432d0,0x00000000e9080000)
  to   space 10752K, 0% used [0x00000000e7b80000,0x00000000e7b80000,0x00000000e8600000)
 ParOldGen       total 107520K, used 8891K [0x00000000a0000000, 0x00000000a6900000, 0x00000000e0000000)
  object space 107520K, 8% used [0x00000000a0000000,0x00000000a08aedd8,0x00000000a6900000)
 Metaspace       used 34704K, capacity 35236K, committed 35416K, reserved 1079296K
  class space    used 4800K, capacity 4988K, committed 4992K, reserved 1048576K
Event: 3.349 GC heap after
Heap after GC invocations=6 (full 1):
 PSYoungGen      total 137216K, used 10733K [0x00000000e0000000, 0x00000000ea500000, 0x0000000100000000)
  eden space 126464K, 0% used [0x00000000e0000000,0x00000000e0000000,0x00000000e7b80000)
  from space 10752K, 99% used [0x00000000e7b80000,0x00000000e85fb5b0,0x00000000e8600000)
  to   space 13824K, 0% used [0x00000000e9780000,0x00000000e9780000,0x00000000ea500000)
 ParOldGen       total 107520K, used 11107K [0x00000000a0000000, 0x00000000a6900000, 0x00000000e0000000)
  object space 107520K, 10% used [0x00000000a0000000,0x00000000a0ad8da0,0x00000000a6900000)
 Metaspace       used 34704K, capacity 35236K, committed 35416K, reserved 1079296K
  class space    used 4800K, capacity 4988K, committed 4992K, reserved 1048576K
}
Event: 3.360 GC heap before
{Heap before GC invocations=7 (full 1):
 PSYoungGen      total 137216K, used 12809K [0x00000000e0000000, 0x00000000ea500000, 0x0000000100000000)
  eden space 126464K, 1% used [0x00000000e0000000,0x00000000e0206fb0,0x00000000e7b80000)
  from space 10752K, 99% used [0x00000000e7b80000,0x00000000e85fb5b0,0x00000000e8600000)
  to   space 13824K, 0% used [0x00000000e9780000,0x00000000e9780000,0x00000000ea500000)
 ParOldGen       total 107520K, used 11107K [0x00000000a0000000, 0x00000000a6900000, 0x00000000e0000000)
  object space 107520K, 10% used [0x00000000a0000000,0x00000000a0ad8da0,0x00000000a6900000)
 Metaspace       used 34869K, capacity 35364K, committed 35416K, reserved 1079296K
  class space    used 4820K, capacity 4988K, committed 4992K, reserved 1048576K
Event: 3.365 GC heap after
Heap after GC invocations=7 (full 1):
 PSYoungGen      total 140288K, used 7153K [0x00000000e0000000, 0x00000000ea500000, 0x0000000100000000)
  eden space 126464K, 0% used [0x00000000e0000000,0x00000000e0000000,0x00000000e7b80000)
  from space 13824K, 51% used [0x00000000e9780000,0x00000000e9e7c670,0x00000000ea500000)
  to   space 10752K, 0% used [0x00000000e7b80000,0x00000000e7b80000,0x00000000e8600000)
 ParOldGen       total 107520K, used 11107K [0x00000000a0000000, 0x00000000a6900000, 0x00000000e0000000)
  object space 107520K, 10% used [0x00000000a0000000,0x00000000a0ad8da0,0x00000000a6900000)
 Metaspace       used 34869K, capacity 35364K, committed 35416K, reserved 1079296K
  class space    used 4820K, capacity 4988K, committed 4992K, reserved 1048576K
}
Event: 3.365 GC heap before
{Heap before GC invocations=8 (full 2):
 PSYoungGen      total 140288K, used 7153K [0x00000000e0000000, 0x00000000ea500000, 0x0000000100000000)
  eden space 126464K, 0% used [0x00000000e0000000,0x00000000e0000000,0x00000000e7b80000)
  from space 13824K, 51% used [0x00000000e9780000,0x00000000e9e7c670,0x00000000ea500000)
  to   space 10752K, 0% used [0x00000000e7b80000,0x00000000e7b80000,0x00000000e8600000)
 ParOldGen       total 107520K, used 11107K [0x00000000a0000000, 0x00000000a6900000, 0x00000000e0000000)
  object space 107520K, 10% used [0x00000000a0000000,0x00000000a0ad8da0,0x00000000a6900000)
 Metaspace       used 34869K, capacity 35364K, committed 35416K, reserved 1079296K
  class space    used 4820K, capacity 4988K, committed 4992K, reserved 1048576K
Event: 3.398 GC heap after
Heap after GC invocations=8 (full 2):
 PSYoungGen      total 140288K, used 0K [0x00000000e0000000, 0x00000000ea500000, 0x0000000100000000)
  eden space 126464K, 0% used [0x00000000e0000000,0x00000000e0000000,0x00000000e7b80000)
  from space 13824K, 0% used [0x00000000e9780000,0x00000000e9780000,0x00000000ea500000)
  to   space 10752K, 0% used [0x00000000e7b80000,0x00000000e7b80000,0x00000000e8600000)
 ParOldGen       total 131072K, used 13790K [0x00000000a0000000, 0x00000000a8000000, 0x00000000e0000000)
  object space 131072K, 10% used [0x00000000a0000000,0x00000000a0d77a20,0x00000000a8000000)
 Metaspace       used 34869K, capacity 35364K, committed 35416K, reserved 1079296K
  class space    used 4820K, capacity 4988K, committed 4992K, reserved 1048576K
}
Event: 4.471 GC heap before
{Heap before GC invocations=9 (full 2):
 PSYoungGen      total 140288K, used 126464K [0x00000000e0000000, 0x00000000ea500000, 0x0000000100000000)
  eden space 126464K, 100% used [0x00000000e0000000,0x00000000e7b80000,0x00000000e7b80000)
  from space 13824K, 0% used [0x00000000e9780000,0x00000000e9780000,0x00000000ea500000)
  to   space 10752K, 0% used [0x00000000e7b80000,0x00000000e7b80000,0x00000000e8600000)
 ParOldGen       total 131072K, used 13790K [0x00000000a0000000, 0x00000000a8000000, 0x00000000e0000000)
  object space 131072K, 10% used [0x00000000a0000000,0x00000000a0d77a20,0x00000000a8000000)
 Metaspace       used 41686K, capacity 42462K, committed 42840K, reserved 1085440K
  class space    used 5631K, capacity 5891K, committed 6016K, reserved 1048576K
Event: 4.480 GC heap after
Heap after GC invocations=9 (full 2):
 PSYoungGen      total 137216K, used 10743K [0x00000000e0000000, 0x00000000ea500000, 0x0000000100000000)
  eden space 126464K, 0% used [0x00000000e0000000,0x00000000e0000000,0x00000000e7b80000)
  from space 10752K, 99% used [0x00000000e7b80000,0x00000000e85fdcb0,0x00000000e8600000)
  to   space 13824K, 0% used [0x00000000e9780000,0x00000000e9780000,0x00000000ea500000)
 ParOldGen       total 131072K, used 17522K [0x00000000a0000000, 0x00000000a8000000, 0x00000000e0000000)
  object space 131072K, 13% used [0x00000000a0000000,0x00000000a111c970,0x00000000a8000000)
 Metaspace       used 41686K, capacity 42462K, committed 42840K, reserved 1085440K
  class space    used 5631K, capacity 5891K, committed 6016K, reserved 1048576K
}

