# JRE version: OpenJDK Runtime Environment (8.0_242-b01) (build 1.8.0_242-release-1644-b01)
# Java VM: OpenJDK 64-Bit Server VM (25.242-b01 mixed mode windows-amd64 compressed oops)
Heap:
 PSYoungGen      total 105472K, used 66340K [0x00000000e0000000, 0x00000000e7780000, 0x0000000100000000)
  eden space 94720K, 58% used [0x00000000e0000000,0x00000000e364ce38,0x00000000e5c80000)
  from space 10752K, 99% used [0x00000000e6780000,0x00000000e71fc220,0x00000000e7200000)
  to   space 11264K, 0% used [0x00000000e5c80000,0x00000000e5c80000,0x00000000e6780000)
 ParOldGen       total 174080K, used 22091K [0x00000000a0000000, 0x00000000aaa00000, 0x00000000e0000000)
  object space 174080K, 12% used [0x00000000a0000000,0x00000000a1592ed0,0x00000000aaa00000)
 Metaspace       used 52612K, capacity 54116K, committed 54488K, reserved 1095680K
  class space    used 7176K, capacity 7563K, committed 7680K, reserved 1048576K
GC Heap History (10 events):
Event: 3.378 GC heap before
{Heap before GC invocations=6 (full 1):
 PSYoungGen      total 75776K, used 71941K [0x00000000e0000000, 0x00000000e7000000, 0x0000000100000000)
  eden space 65024K, 100% used [0x00000000e0000000,0x00000000e3f80000,0x00000000e3f80000)
  from space 10752K, 64% used [0x00000000e4a00000,0x00000000e50c1550,0x00000000e5480000)
  to   space 10752K, 0% used [0x00000000e3f80000,0x00000000e3f80000,0x00000000e4a00000)
 ParOldGen       total 110592K, used 8889K [0x00000000a0000000, 0x00000000a6c00000, 0x00000000e0000000)
  object space 110592K, 8% used [0x00000000a0000000,0x00000000a08ae6b0,0x00000000a6c00000)
 Metaspace       used 29671K, capacity 30112K, committed 30208K, reserved 1075200K
  class space    used 4139K, capacity 4277K, committed 4352K, reserved 1048576K
Event: 3.385 GC heap after
Heap after GC invocations=6 (full 1):
 PSYoungGen      total 75776K, used 8650K [0x00000000e0000000, 0x00000000e7200000, 0x0000000100000000)
  eden space 65024K, 0% used [0x00000000e0000000,0x00000000e0000000,0x00000000e3f80000)
  from space 10752K, 80% used [0x00000000e3f80000,0x00000000e47f28a0,0x00000000e4a00000)
  to   space 10752K, 0% used [0x00000000e6780000,0x00000000e6780000,0x00000000e7200000)
 ParOldGen       total 110592K, used 8897K [0x00000000a0000000, 0x00000000a6c00000, 0x00000000e0000000)
  object space 110592K, 8% used [0x00000000a0000000,0x00000000a08b06b0,0x00000000a6c00000)
 Metaspace       used 29671K, capacity 30112K, committed 30208K, reserved 1075200K
  class space    used 4139K, capacity 4277K, committed 4352K, reserved 1048576K
}
Event: 3.733 GC heap before
{Heap before GC invocations=7 (full 1):
 PSYoungGen      total 75776K, used 41061K [0x00000000e0000000, 0x00000000e7200000, 0x0000000100000000)
  eden space 65024K, 49% used [0x00000000e0000000,0x00000000e1fa6b78,0x00000000e3f80000)
  from space 10752K, 80% used [0x00000000e3f80000,0x00000000e47f28a0,0x00000000e4a00000)
  to   space 10752K, 0% used [0x00000000e6780000,0x00000000e6780000,0x00000000e7200000)
 ParOldGen       total 110592K, used 8897K [0x00000000a0000000, 0x00000000a6c00000, 0x00000000e0000000)
  object space 110592K, 8% used [0x00000000a0000000,0x00000000a08b06b0,0x00000000a6c00000)
 Metaspace       used 34858K, capacity 35364K, committed 35416K, reserved 1079296K
  class space    used 4821K, capacity 4988K, committed 4992K, reserved 1048576K
Event: 3.741 GC heap after
Heap after GC invocations=7 (full 1):
 PSYoungGen      total 105472K, used 9834K [0x00000000e0000000, 0x00000000e7780000, 0x0000000100000000)
  eden space 94720K, 0% used [0x00000000e0000000,0x00000000e0000000,0x00000000e5c80000)
  from space 10752K, 91% used [0x00000000e6780000,0x00000000e711ab98,0x00000000e7200000)
  to   space 11264K, 0% used [0x00000000e5c80000,0x00000000e5c80000,0x00000000e6780000)
 ParOldGen       total 110592K, used 8905K [0x00000000a0000000, 0x00000000a6c00000, 0x00000000e0000000)
  object space 110592K, 8% used [0x00000000a0000000,0x00000000a08b26b0,0x00000000a6c00000)
 Metaspace       used 34858K, capacity 35364K, committed 35416K, reserved 1079296K
  class space    used 4821K, capacity 4988K, committed 4992K, reserved 1048576K
}
Event: 3.741 GC heap before
{Heap before GC invocations=8 (full 2):
 PSYoungGen      total 105472K, used 9834K [0x00000000e0000000, 0x00000000e7780000, 0x0000000100000000)
  eden space 94720K, 0% used [0x00000000e0000000,0x00000000e0000000,0x00000000e5c80000)
  from space 10752K, 91% used [0x00000000e6780000,0x00000000e711ab98,0x00000000e7200000)
  to   space 11264K, 0% used [0x00000000e5c80000,0x00000000e5c80000,0x00000000e6780000)
 ParOldGen       total 110592K, used 8905K [0x00000000a0000000, 0x00000000a6c00000, 0x00000000e0000000)
  object space 110592K, 8% used [0x00000000a0000000,0x00000000a08b26b0,0x00000000a6c00000)
 Metaspace       used 34858K, capacity 35364K, committed 35416K, reserved 1079296K
  class space    used 4821K, capacity 4988K, committed 4992K, reserved 1048576K
Event: 3.774 GC heap after
Heap after GC invocations=8 (full 2):
 PSYoungGen      total 105472K, used 0K [0x00000000e0000000, 0x00000000e7780000, 0x0000000100000000)
  eden space 94720K, 0% used [0x00000000e0000000,0x00000000e0000000,0x00000000e5c80000)
  from space 10752K, 0% used [0x00000000e6780000,0x00000000e6780000,0x00000000e7200000)
  to   space 11264K, 0% used [0x00000000e5c80000,0x00000000e5c80000,0x00000000e6780000)
 ParOldGen       total 174080K, used 16431K [0x00000000a0000000, 0x00000000aaa00000, 0x00000000e0000000)
  object space 174080K, 9% used [0x00000000a0000000,0x00000000a100bdb8,0x00000000aaa00000)
 Metaspace       used 34858K, capacity 35364K, committed 35416K, reserved 1079296K
  class space    used 4821K, capacity 4988K, committed 4992K, reserved 1048576K
}
Event: 4.440 GC heap before
{Heap before GC invocations=9 (full 2):
 PSYoungGen      total 105472K, used 94720K [0x00000000e0000000, 0x00000000e7780000, 0x0000000100000000)
  eden space 94720K, 100% used [0x00000000e0000000,0x00000000e5c80000,0x00000000e5c80000)
  from space 10752K, 0% used [0x00000000e6780000,0x00000000e6780000,0x00000000e7200000)
  to   space 11264K, 0% used [0x00000000e5c80000,0x00000000e5c80000,0x00000000e6780000)
 ParOldGen       total 174080K, used 16431K [0x00000000a0000000, 0x00000000aaa00000, 0x00000000e0000000)
  object space 174080K, 9% used [0x00000000a0000000,0x00000000a100bdb8,0x00000000aaa00000)
 Metaspace       used 40756K, capacity 41458K, committed 41816K, reserved 1085440K
  class space    used 5488K, capacity 5749K, committed 5760K, reserved 1048576K
Event: 4.448 GC heap after
Heap after GC invocations=9 (full 2):
 PSYoungGen      total 105984K, used 11038K [0x00000000e0000000, 0x00000000e7780000, 0x0000000100000000)
  eden space 94720K, 0% used [0x00000000e0000000,0x00000000e0000000,0x00000000e5c80000)
  from space 11264K, 97% used [0x00000000e5c80000,0x00000000e6747878,0x00000000e6780000)
  to   space 10752K, 0% used [0x00000000e6780000,0x00000000e6780000,0x00000000e7200000)
 ParOldGen       total 174080K, used 16439K [0x00000000a0000000, 0x00000000aaa00000, 0x00000000e0000000)
  object space 174080K, 9% used [0x00000000a0000000,0x00000000a100ddb8,0x00000000aaa00000)
 Metaspace       used 40756K, capacity 41458K, committed 41816K, reserved 1085440K
  class space    used 5488K, capacity 5749K, committed 5760K, reserved 1048576K
}
Event: 5.798 GC heap before
{Heap before GC invocations=10 (full 2):
 PSYoungGen      total 105984K, used 105758K [0x00000000e0000000, 0x00000000e7780000, 0x0000000100000000)
  eden space 94720K, 100% used [0x00000000e0000000,0x00000000e5c80000,0x00000000e5c80000)
  from space 11264K, 97% used [0x00000000e5c80000,0x00000000e6747878,0x00000000e6780000)
  to   space 10752K, 0% used [0x00000000e6780000,0x00000000e6780000,0x00000000e7200000)
 ParOldGen       total 174080K, used 16439K [0x00000000a0000000, 0x00000000aaa00000, 0x00000000e0000000)
  object space 174080K, 9% used [0x00000000a0000000,0x00000000a100ddb8,0x00000000aaa00000)
 Metaspace       used 47572K, capacity 48470K, committed 48728K, reserved 1091584K
  class space    used 6427K, capacity 6738K, committed 6784K, reserved 1048576K
Event: 5.808 GC heap after
Heap after GC invocations=10 (full 2):
 PSYoungGen      total 105472K, used 10736K [0x00000000e0000000, 0x00000000e7780000, 0x0000000100000000)
  eden space 94720K, 0% used [0x00000000e0000000,0x00000000e0000000,0x00000000e5c80000)
  from space 10752K, 99% used [0x00000000e6780000,0x00000000e71fc220,0x00000000e7200000)
  to   space 11264K, 0% used [0x00000000e5c80000,0x00000000e5c80000,0x00000000e6780000)
 ParOldGen       total 174080K, used 22091K [0x00000000a0000000, 0x00000000aaa00000, 0x00000000e0000000)
  object space 174080K, 12% used [0x00000000a0000000,0x00000000a1592ed0,0x00000000aaa00000)
 Metaspace       used 47572K, capacity 48470K, committed 48728K, reserved 1091584K
  class space    used 6427K, capacity 6738K, committed 6784K, reserved 1048576K
}

